#
# There is insufficient memory for the Java Runtime Environment to continue.
# Native memory allocation (malloc) failed to allocate 1048576 bytes for AllocateHeap
# Possible reasons:
#   The system is out of physical RAM or swap space
#   The process is running with CompressedOops enabled, and the Java Heap may be blocking the growth of the native heap
# Possible solutions:
#   Reduce memory load on the system
#   Increase physical memory or swap space
#   Check if swap backing store is full
#   Decrease Java heap size (-Xmx/-Xms)
#   Decrease number of Java threads
#   Decrease Java thread stack sizes (-Xss)
#   Set larger code cache with -XX:ReservedCodeCacheSize=
#   JVM is running with Unscaled Compressed Oops mode in which the Java heap is
#     placed in the first 4GB address space. The Java Heap base address is the
#     maximum limit for the native heap growth. Please use -XX:HeapBaseMinAddress
#     to set the Java Heap base and to place the Java Heap above 4GB virtual address.
# This output file may be truncated or incomplete.
#
#  Out of Memory Error (t:/workspace/open/src/hotspot/share/memory/allocation.cpp:45), pid=5808, tid=23380
#
# JRE version:  (13.0.1+9) (build )
# Java VM: Java HotSpot(TM) 64-Bit Server VM (13.0.1+9, mixed mode, aot, sharing, tiered, compressed oops, g1 gc, windows-amd64)
# No core dump will be written. Minidumps are not enabled by default on client versions of Windows
#

---------------  S U M M A R Y ------------

Command Line: -Dfile.encoding=Cp1252 Frame

Host: Intel(R) Core(TM) i7-9750H CPU @ 2.60GHz, 12 cores, 7G,  Windows 10 , 64 bit Build 18362 (10.0.18362.329)
Time: Sat Feb 22 01:51:19 2020 SE Asia Standard Time elapsed time: 0 seconds (0d 0h 0m 0s)

---------------  T H R E A D  ---------------

Current thread (0x0000024cdf8b6800):  JavaThread "Unknown thread" [_thread_in_vm, id=23380, stack(0x0000009dc9f00000,0x0000009dca000000)]

Stack: [0x0000009dc9f00000,0x0000009dca000000]
Native frames: (J=compiled Java code, j=interpreted, Vv=VM code, C=native code)
V  [jvm.dll+0x626eca]
V  [jvm.dll+0x772c6a]
V  [jvm.dll+0x77441f]
V  [jvm.dll+0x774a23]
V  [jvm.dll+0x24da58]
V  [jvm.dll+0xbaa2f]
V  [jvm.dll+0x2e2e9d]
V  [jvm.dll+0x74fcc8]
V  [jvm.dll+0x363739]
V  [jvm.dll+0x732dc5]
V  [jvm.dll+0x3ce2ef]
V  [jvm.dll+0x3d0611]
C  [jli.dll+0x51ff]
C  [ucrtbase.dll+0x20e72]
C  [KERNEL32.DLL+0x17bd4]
C  [ntdll.dll+0x6ced1]


---------------  P R O C E S S  ---------------

Threads class SMR info:
_java_thread_list=0x00007ffd4a9d46b8, length=0, elements={
}

Java Threads: ( => current thread )

Other Threads:

[error occurred during error reporting (printing all threads), id 0xc0000005, EXCEPTION_ACCESS_VIOLATION (0xc0000005) at pc=0x00007ffd4a647e17]

VM state:not at safepoint (not fully initialized)

VM Mutex/Monitor currently owned by a thread: None


[error occurred during error reporting (printing compressed oops mode), id 0xc0000005, EXCEPTION_ACCESS_VIOLATION (0xc0000005) at pc=0x00007ffd4a133d77]

GC Heap History (0 events):
No events

Deoptimization events (0 events):
No events

Classes unloaded (0 events):
No events

Classes redefined (0 events):
No events

Internal exceptions (0 events):
No events

Events (8 events):
Event: 0.009 Loaded shared library C:\Program Files\Java\jdk-13.0.1\bin\zip.dll
Event: 0.010 Loaded shared library C:\Program Files\Java\jdk-13.0.1\bin\jimage.dll
Event: 0.011 Loading shared library C:\Program Files\Java\jdk-13.0.1\lib\libjava.base-coop.dll failed, error code 126
Event: 0.011 Loading shared library C:\Program Files\Java\jdk-13.0.1\lib\libjava.logging-coop.dll failed, error code 126
Event: 0.011 Loading shared library C:\Program Files\Java\jdk-13.0.1\lib\libjdk.compiler-coop.dll failed, error code 126
Event: 0.011 Loading shared library C:\Program Files\Java\jdk-13.0.1\lib\libjdk.scripting.nashorn-coop.dll failed, error code 126
Event: 0.011 Loading shared library C:\Program Files\Java\jdk-13.0.1\lib\libjdk.internal.vm.ci-coop.dll failed, error code 126
Event: 0.011 Loading shared library C:\Program Files\Java\jdk-13.0.1\lib\libjdk.internal.vm.compiler-coop.dll failed, error code 126


Dynamic libraries:
0x00007ff786d00000 - 0x00007ff786d0f000 	C:\Program Files\Java\jdk-13.0.1\bin\javaw.exe
0x00007ffdba420000 - 0x00007ffdba610000 	C:\windows\SYSTEM32\ntdll.dll
0x00007ffdb9020000 - 0x00007ffdb90d2000 	C:\windows\System32\KERNEL32.DLL
0x00007ffdb76e0000 - 0x00007ffdb7983000 	C:\windows\System32\KERNELBASE.dll
0x00007ffdb51e0000 - 0x00007ffdb526f000 	C:\windows\SYSTEM32\apphelp.dll
0x00007ffdb8140000 - 0x00007ffdb823a000 	C:\windows\System32\ucrtbase.dll
0x00007ffdafb90000 - 0x00007ffdafba8000 	C:\Program Files\Java\jdk-13.0.1\bin\jli.dll
0x00007ffda37c0000 - 0x00007ffda37d5000 	C:\Program Files\Java\jdk-13.0.1\bin\VCRUNTIME140.dll
0x00007ffdb8e70000 - 0x00007ffdb8f13000 	C:\windows\System32\ADVAPI32.dll
0x00007ffdb9ab0000 - 0x00007ffdb9b4e000 	C:\windows\System32\msvcrt.dll
0x00007ffdb8dd0000 - 0x00007ffdb8e67000 	C:\windows\System32\sechost.dll
0x00007ffdb8bd0000 - 0x00007ffdb8cf0000 	C:\windows\System32\RPCRT4.dll
0x00007ffdb90e0000 - 0x00007ffdb9274000 	C:\windows\System32\USER32.dll
0x00007ffdb84a0000 - 0x00007ffdb84c1000 	C:\windows\System32\win32u.dll
0x00007ffda5850000 - 0x00007ffda5ad5000 	C:\windows\WinSxS\amd64_microsoft.windows.common-controls_6595b64144ccf1df_6.0.18362.657_none_e6c5b579130e3898\COMCTL32.dll
0x00007ffdb9b50000 - 0x00007ffdb9b76000 	C:\windows\System32\GDI32.dll
0x00007ffdb74a0000 - 0x00007ffdb7634000 	C:\windows\System32\gdi32full.dll
0x00007ffdb9d20000 - 0x00007ffdba056000 	C:\windows\System32\combase.dll
0x00007ffdb73b0000 - 0x00007ffdb744e000 	C:\windows\System32\msvcp_win.dll
0x00007ffdb7660000 - 0x00007ffdb76e0000 	C:\windows\System32\bcryptPrimitives.dll
0x00007ffdb0b60000 - 0x00007ffdb0b6a000 	C:\windows\SYSTEM32\VERSION.dll
0x00007ffdb8f40000 - 0x00007ffdb8f6e000 	C:\windows\System32\IMM32.DLL
0x00007ffd77760000 - 0x00007ffd777fb000 	C:\Program Files\Java\jdk-13.0.1\bin\msvcp140.dll
0x00007ffd49f10000 - 0x00007ffd4aa76000 	C:\Program Files\Java\jdk-13.0.1\bin\server\jvm.dll
0x00007ffdb8dc0000 - 0x00007ffdb8dc8000 	C:\windows\System32\PSAPI.DLL
0x00007ffdb4fb0000 - 0x00007ffdb4fd4000 	C:\windows\SYSTEM32\WINMM.dll
0x00007ffdb5180000 - 0x00007ffdb5189000 	C:\windows\SYSTEM32\WSOCK32.dll
0x00007ffdb9970000 - 0x00007ffdb99df000 	C:\windows\System32\WS2_32.dll
0x00007ffdb4ae0000 - 0x00007ffdb4b0d000 	C:\windows\SYSTEM32\WINMMBASE.dll
0x00007ffdb7450000 - 0x00007ffdb749a000 	C:\windows\System32\cfgmgr32.dll
0x00007ffdb7370000 - 0x00007ffdb7381000 	C:\windows\System32\kernel.appcore.dll
0x00007ffdb3690000 - 0x00007ffdb36a0000 	C:\Program Files\Java\jdk-13.0.1\bin\verify.dll
0x00007ffdb5c30000 - 0x00007ffdb5e24000 	C:\windows\SYSTEM32\DBGHELP.DLL
0x00007ffda5e30000 - 0x00007ffda5e5a000 	C:\windows\SYSTEM32\dbgcore.DLL
0x00007ffdb0810000 - 0x00007ffdb0836000 	C:\Program Files\Java\jdk-13.0.1\bin\java.dll
0x00007ffdb2560000 - 0x00007ffdb2577000 	C:\Program Files\Java\jdk-13.0.1\bin\zip.dll
0x00007ffdb2530000 - 0x00007ffdb253a000 	C:\Program Files\Java\jdk-13.0.1\bin\jimage.dll

dbghelp: loaded successfully - version: 4.0.5 - missing functions: none
symbol engine: initialized successfully - sym options: 0x614 - pdb path: .;C:\Program Files\Java\jdk-13.0.1\bin;C:\windows\SYSTEM32;C:\windows\WinSxS\amd64_microsoft.windows.common-controls_6595b64144ccf1df_6.0.18362.657_none_e6c5b579130e3898;C:\Program Files\Java\jdk-13.0.1\bin\server

VM Arguments:
jvm_args: -Dfile.encoding=Cp1252 
java_command: Frame
java_class_path (initial): D:\Java\CalculatorGUI\bin
Launcher Type: SUN_STANDARD

[Global flags]
     intx CICompilerCount                          = 4                                         {product} {ergonomic}
     uint G1ConcRefinementThreads                  = 10                                        {product} {ergonomic}
   size_t G1HeapRegionSize                         = 1048576                                   {product} {ergonomic}
    uintx GCDrainStackTargetSize                   = 64                                        {product} {ergonomic}
   size_t InitialHeapSize                          = 132120576                                 {product} {ergonomic}
   size_t MaxHeapSize                              = 2107637760                                {product} {ergonomic}
   size_t MinHeapDeltaBytes                        = 1048576                                   {product} {ergonomic}
   size_t MinHeapSize                              = 8388608                                   {product} {ergonomic}
    uintx NonNMethodCodeHeapSize                   = 5836300                                {pd product} {ergonomic}
    uintx NonProfiledCodeHeapSize                  = 122910970                              {pd product} {ergonomic}
    uintx ProfiledCodeHeapSize                     = 122910970                              {pd product} {ergonomic}
    uintx ReservedCodeCacheSize                    = 251658240                              {pd product} {ergonomic}
     bool SegmentedCodeCache                       = true                                      {product} {ergonomic}
   size_t SoftMaxHeapSize                          = 2107637760                             {manageable} {ergonomic}
     bool UseCompressedClassPointers               = true                                 {lp64_product} {ergonomic}
     bool UseCompressedOops                        = true                                 {lp64_product} {ergonomic}
     bool UseG1GC                                  = true                                      {product} {ergonomic}
     bool UseLargePagesIndividualAllocation        = false                                  {pd product} {ergonomic}

Logging:
Log output configuration:
 #0: stdout all=warning uptime,level,tags
 #1: stderr all=off uptime,level,tags

Environment Variables:
PATH=C:/Program Files/Java/jdk-13.0.1/bin/server;C:/Program Files/Java/jdk-13.0.1/bin;C:\windows\system32;C:\windows;C:\windows\System32\Wbem;C:\windows\System32\WindowsPowerShell\v1.0\;C:\windows\System32\OpenSSH\;C:\Program Files (x86)\NVIDIA Corporation\PhysX\Common;C:\Program Files\NVIDIA Corporation\NVIDIA NvDLISR;C:\Program Files\dotnet\;C:\Program Files\Microsoft SQL Server\130\Tools\Binn\;C:\Program Files\Microsoft SQL Server\Client SDK\ODBC\170\Tools\Binn\;C:\Users\Matthew\AppData\Local\Microsoft\WindowsApps;C:\Users\Matthew\Desktop;
USERNAME=Matthew
OS=Windows_NT
PROCESSOR_IDENTIFIER=Intel64 Family 6 Model 158 Stepping 10, GenuineIntel



---------------  S Y S T E M  ---------------

OS: Windows 10 , 64 bit Build 18362 (10.0.18362.329)

CPU:total 12 (initial active 12) (6 cores per cpu, 2 threads per core) family 6 model 158 stepping 10, cmov, cx8, fxsr, mmx, sse, sse2, sse3, ssse3, sse4.1, sse4.2, popcnt, avx, avx2, aes, clmul, erms, 3dnowpref, lzcnt, ht, tsc, tscinvbit, bmi1, bmi2, adx, fma

Memory: 4k page, system-wide physical 8032M (1807M free)
TotalPageFile size 32608M (AvailPageFile size 5M)
current process WorkingSet (physical memory assigned to process): 10M, peak: 10M
current process commit charge ("private bytes"): 20M, peak: 21M

vm_info: Java HotSpot(TM) 64-Bit Server VM (13.0.1+9) for windows-amd64 JRE (13.0.1+9), built on Oct  6 2019 12:37:49 by "mach5one" with unknown MS VC++:1916

END.
